<?xml version="1.0" encoding="UTF-8"?>
<!-- Generated by org.testng.reporters.JUnitXMLReporter -->
<testsuite ignored="1" hostname="bhagyak" failures="0" tests="1" name="Default test" time="2.015" errors="0" timestamp="2025-04-25T12:57:27 IST">
  <testcase classname="day5.FileUploadAndDownload" name="multipleFileUpload" time="1.974"/>
  <testcase classname="day5.FileUploadAndDownload" name="singleFileUpload" time="0.0">
    <ignored/>
  </testcase> <!-- singleFileUpload -->
</testsuite> <!-- Default test -->
