<?xml version="1.0" encoding="UTF-8"?>
<testng-results ignored="0" total="1" passed="1" failed="0" skipped="0">
  <reporter-output>
  </reporter-output>
  <suite started-at="2025-04-25T12:57:25 IST" name="Default suite" finished-at="2025-04-25T12:57:27 IST" duration-ms="2015">
    <groups>
    </groups>
    <test started-at="2025-04-25T12:57:25 IST" name="Default test" finished-at="2025-04-25T12:57:27 IST" duration-ms="2015">
      <class name="day5.FileUploadAndDownload">
        <test-method signature="multipleFileUpload()[pri:0, instance:day5.FileUploadAndDownload@41a0aa7d]" started-at="2025-04-25T12:57:25 IST" name="multipleFileUpload" finished-at="2025-04-25T12:57:27 IST" duration-ms="1974" status="PASS">
          <reporter-output>
          </reporter-output>
        </test-method> <!-- multipleFileUpload -->
      </class> <!-- day5.FileUploadAndDownload -->
    </test> <!-- Default test -->
  </suite> <!-- Default suite -->
</testng-results>
