<?xml version="1.0" encoding="UTF-8"?>
<testng-results ignored="0" total="1" passed="1" failed="0" skipped="0">
  <reporter-output>
  </reporter-output>
  <suite started-at="2024-12-20T12:52:57 IST" name="Default suite" finished-at="2024-12-20T12:52:57 IST" duration-ms="236">
    <groups>
    </groups>
    <test started-at="2024-12-20T12:52:57 IST" name="Default test" finished-at="2024-12-20T12:52:57 IST" duration-ms="236">
      <class name="day7.FakerDataGenerator">
        <test-method signature="generateFakeDataTest()[pri:0, instance:day7.FakerDataGenerator@791f145a]" started-at="2024-12-20T12:52:57 IST" name="generateFakeDataTest" finished-at="2024-12-20T12:52:57 IST" duration-ms="203" status="PASS">
          <reporter-output>
          </reporter-output>
        </test-method> <!-- generateFakeDataTest -->
      </class> <!-- day7.FakerDataGenerator -->
    </test> <!-- Default test -->
  </suite> <!-- Default suite -->
</testng-results>
