<?xml version="1.0" encoding="UTF-8"?>
<!-- Generated by org.testng.reporters.JUnitXMLReporter -->
<testsuite ignored="0" hostname="bhagyak" failures="0" tests="4" name="Day 8_API Chaining Test" time="2.715" errors="0" timestamp="2024-12-21T23:12:38 IST">
  <testcase classname="day8.CreateUser" name="createUser" time="2.232"/>
  <testcase classname="day8.GetUser" name="getUser" time="0.164"/>
  <testcase classname="day8.UpdateUser" name="updateUser" time="0.154"/>
  <testcase classname="day8.DeleteUser" name="deleteUser" time="0.114"/>
</testsuite> <!-- Day 8_API Chaining Test -->
